Android/app/build/intermediates/manifest_merge_blame_file/debug/manifest-merger-blame-debug-report.txt
1<?xml version="1.0" encoding="utf-8"?>
2<manifest xmlns:android="http://schemas.android.com/apk/res/android"
3    package="com.example.android"
4    android:versionCode="1"
5    android:versionName="1.0" >
6
7    <uses-sdk
8        android:minSdkVersion="21"
8-->src/main/AndroidManifest.xml
9        android:targetSdkVersion="32" />
9-->src/main/AndroidManifest.xml
10
11    <uses-permission android:name="android.permission.INTERNET" />
11-->src/main/AndroidManifest.xml:6:5-67
11-->src/main/AndroidManifest.xml:6:22-64
12    <uses-permission android:name="android.permission.ACCESS_NETWORK_STATE" />
12-->[com.google.android.gms:play-services-measurement-api:17.2.1] AndroidManifest.xml:23:5-79
12-->[com.google.android.gms:play-services-measurement-api:17.2.1] AndroidManifest.xml:23:22-76
13    <uses-permission android:name="android.permission.WAKE_LOCK" /> <!-- Required by older versions of Google Play services to create IID tokens -->
13-->[com.google.android.gms:play-services-measurement-api:17.2.1] AndroidManifest.xml:24:5-68
13-->[com.google.android.gms:play-services-measurement-api:17.2.1] AndroidManifest.xml:24:22-65
14    <uses-permission android:name="com.google.android.c2dm.permission.RECEIVE" />
14-->[com.google.firebase:firebase-iid:20.0.0] AndroidManifest.xml:26:5-82
14-->[com.google.firebase:firebase-iid:20.0.0] AndroidManifest.xml:26:22-79
15    <uses-permission android:name="com.google.android.finsky.permission.BIND_GET_INSTALL_REFERRER_SERVICE" />
15-->[com.google.android.gms:play-services-measurement:17.2.1] AndroidManifest.xml:26:5-110
15-->[com.google.android.gms:play-services-measurement:17.2.1] AndroidManifest.xml:26:22-107
16
17    <application
17-->src/main/AndroidManifest.xml:8:5-65:19
18        android:name="com.example.android.MyApp"
18-->src/main/AndroidManifest.xml:9:9-30
19        android:allowBackup="false"
19-->src/main/AndroidManifest.xml:10:9-36
20        android:appComponentFactory="androidx.core.app.CoreComponentFactory"
20-->[androidx.core:core:1.5.0] AndroidManifest.xml:24:18-86
21        android:dataExtractionRules="@xml/data_extraction_rules"
21-->src/main/AndroidManifest.xml:11:9-65
22        android:debuggable="true"
23        android:fullBackupContent="@xml/backup_rules"
23-->src/main/AndroidManifest.xml:12:9-54
24        android:icon="@mipmap/ic_launcher"
24-->src/main/AndroidManifest.xml:13:9-43
25        android:label="@string/app_name"
25-->src/main/AndroidManifest.xml:14:9-41
26        android:roundIcon="@mipmap/ic_launcher_round"
26-->src/main/AndroidManifest.xml:15:9-54
27        android:supportsRtl="true"
27-->src/main/AndroidManifest.xml:16:9-35
28        android:testOnly="true"
29        android:theme="@style/Theme.Android"
29-->src/main/AndroidManifest.xml:17:9-45
30        android:usesCleartextTraffic="true" >
30-->src/main/AndroidManifest.xml:18:9-44
31        <service
31-->src/main/AndroidManifest.xml:20:9-27:19
32            android:name="com.example.android.FirebaseService"
32-->src/main/AndroidManifest.xml:21:13-44
33            android:enabled="true"
33-->src/main/AndroidManifest.xml:22:13-35
34            android:exported="true" >
34-->src/main/AndroidManifest.xml:23:13-36
35            <intent-filter>
35-->src/main/AndroidManifest.xml:24:13-26:29
36                <action android:name="com.google.firebase.MESSAGING_EVENT" />
36-->src/main/AndroidManifest.xml:25:17-77
36-->src/main/AndroidManifest.xml:25:25-75
37            </intent-filter>
38        </service>
39
40        <activity
40-->src/main/AndroidManifest.xml:29:9-37:20
41            android:name="com.example.android.ContactsActivity"
41-->src/main/AndroidManifest.xml:30:13-45
42            android:exported="true" >
42-->src/main/AndroidManifest.xml:31:13-36
43            <intent-filter>
43-->src/main/AndroidManifest.xml:32:13-36:29
44                <action android:name="android.intent.action.VIEW" />
44-->src/main/AndroidManifest.xml:33:17-69
44-->src/main/AndroidManifest.xml:33:25-66
45
46                <category android:name="android.intent.category.DEFAULT" />
46-->src/main/AndroidManifest.xml:35:17-76
46-->src/main/AndroidManifest.xml:35:27-73
47            </intent-filter>
48        </activity>
49        <activity
49-->src/main/AndroidManifest.xml:38:9-39:51
50            android:name="com.example.android.SettingsActivity"
50-->src/main/AndroidManifest.xml:38:19-51
51            android:screenOrientation="portrait" />
51-->src/main/AndroidManifest.xml:39:13-49
52        <activity android:name="com.example.android.ChatActivity" />
52-->src/main/AndroidManifest.xml:40:9-50
52-->src/main/AndroidManifest.xml:40:19-47
53        <activity android:name="com.example.android.AddContactActivity" />
53-->src/main/AndroidManifest.xml:41:9-56
53-->src/main/AndroidManifest.xml:41:19-53
54        <activity
54-->src/main/AndroidManifest.xml:42:9-52:20
55            android:name="com.example.android.MainActivity"
55-->src/main/AndroidManifest.xml:43:13-41
56            android:exported="true"
56-->src/main/AndroidManifest.xml:44:13-36
57            android:screenOrientation="portrait" >
57-->src/main/AndroidManifest.xml:45:13-49
58            <intent-filter>
58-->src/main/AndroidManifest.xml:47:13-51:29
59                <action android:name="android.intent.action.MAIN" />
59-->src/main/AndroidManifest.xml:48:17-69
59-->src/main/AndroidManifest.xml:48:25-66
60
61                <category android:name="android.intent.category.LAUNCHER" />
61-->src/main/AndroidManifest.xml:50:17-77
61-->src/main/AndroidManifest.xml:50:27-74
62            </intent-filter>
63        </activity>
64        <activity
64-->src/main/AndroidManifest.xml:53:9-64:20
65            android:name="com.example.android.RegisterPage"
65-->src/main/AndroidManifest.xml:54:13-41
66            android:exported="true"
66-->src/main/AndroidManifest.xml:56:13-36
67            android:screenOrientation="portrait" >
67-->src/main/AndroidManifest.xml:55:13-49
68            <intent-filter>
68-->src/main/AndroidManifest.xml:57:13-63:29
69                <action android:name="android.intent.action.VIEW" />
69-->src/main/AndroidManifest.xml:33:17-69
69-->src/main/AndroidManifest.xml:33:25-66
70
71                <category android:name="android.intent.category.DEFAULT" />
71-->src/main/AndroidManifest.xml:35:17-76
71-->src/main/AndroidManifest.xml:35:27-73
72
73                <data android:scheme="http" />
73-->src/main/AndroidManifest.xml:62:17-47
73-->src/main/AndroidManifest.xml:62:23-44
74            </intent-filter>
75        </activity>
76
77        <service
77-->[androidx.room:room-runtime:2.4.2] AndroidManifest.xml:25:9-28:40
78            android:name="androidx.room.MultiInstanceInvalidationService"
78-->[androidx.room:room-runtime:2.4.2] AndroidManifest.xml:26:13-74
79            android:directBootAware="true"
79-->[androidx.room:room-runtime:2.4.2] AndroidManifest.xml:27:13-43
80            android:exported="false" />
80-->[androidx.room:room-runtime:2.4.2] AndroidManifest.xml:28:13-37
81        <!--
82             FirebaseMessagingService performs security checks at runtime,
83             but set to not exported to explicitly avoid allowing another app to call it.
84        -->
85        <service
85-->[com.google.firebase:firebase-messaging:20.0.0] AndroidManifest.xml:28:9-34:19
86            android:name="com.google.firebase.messaging.FirebaseMessagingService"
86-->[com.google.firebase:firebase-messaging:20.0.0] AndroidManifest.xml:29:13-82
87            android:exported="false" >
87-->[com.google.firebase:firebase-messaging:20.0.0] AndroidManifest.xml:30:13-37
88            <intent-filter android:priority="-500" >
88-->src/main/AndroidManifest.xml:24:13-26:29
89                <action android:name="com.google.firebase.MESSAGING_EVENT" />
89-->src/main/AndroidManifest.xml:25:17-77
89-->src/main/AndroidManifest.xml:25:25-75
90            </intent-filter>
91        </service>
92        <service
92-->[com.google.android.gms:play-services-measurement-api:17.2.1] AndroidManifest.xml:27:9-33:19
93            android:name="com.google.firebase.components.ComponentDiscoveryService"
93-->[com.google.android.gms:play-services-measurement-api:17.2.1] AndroidManifest.xml:28:13-84
94            android:exported="false" >
94-->[com.google.android.gms:play-services-measurement-api:17.2.1] AndroidManifest.xml:29:13-37
95            <meta-data
95-->[com.google.android.gms:play-services-measurement-api:17.2.1] AndroidManifest.xml:30:13-32:85
96                android:name="com.google.firebase.components:com.google.firebase.analytics.connector.internal.AnalyticsConnectorRegistrar"
96-->[com.google.android.gms:play-services-measurement-api:17.2.1] AndroidManifest.xml:31:17-139
97                android:value="com.google.firebase.components.ComponentRegistrar" />
97-->[com.google.android.gms:play-services-measurement-api:17.2.1] AndroidManifest.xml:32:17-82
98            <meta-data
98-->[com.google.firebase:firebase-iid:20.0.0] AndroidManifest.xml:32:13-34:85
99                android:name="com.google.firebase.components:com.google.firebase.iid.Registrar"
99-->[com.google.firebase:firebase-iid:20.0.0] AndroidManifest.xml:33:17-96
100                android:value="com.google.firebase.components.ComponentRegistrar" />
100-->[com.google.firebase:firebase-iid:20.0.0] AndroidManifest.xml:34:17-82
101        </service>
102
103        <receiver
103-->[com.google.firebase:firebase-iid:20.0.0] AndroidManifest.xml:37:9-44:20
104            android:name="com.google.firebase.iid.FirebaseInstanceIdReceiver"
104-->[com.google.firebase:firebase-iid:20.0.0] AndroidManifest.xml:38:13-78
105            android:exported="true"
105-->[com.google.firebase:firebase-iid:20.0.0] AndroidManifest.xml:39:13-36
106            android:permission="com.google.android.c2dm.permission.SEND" >
106-->[com.google.firebase:firebase-iid:20.0.0] AndroidManifest.xml:40:13-73
107            <intent-filter>
107-->[com.google.firebase:firebase-iid:20.0.0] AndroidManifest.xml:41:13-43:29
108                <action android:name="com.google.android.c2dm.intent.RECEIVE" />
108-->[com.google.firebase:firebase-iid:20.0.0] AndroidManifest.xml:42:17-81
108-->[com.google.firebase:firebase-iid:20.0.0] AndroidManifest.xml:42:25-78
109            </intent-filter>
110        </receiver>
111
112        <provider
112-->[com.google.firebase:firebase-common:19.0.0] AndroidManifest.xml:12:9-16:39
113            android:name="com.google.firebase.provider.FirebaseInitProvider"
113-->[com.google.firebase:firebase-common:19.0.0] AndroidManifest.xml:13:13-77
114            android:authorities="com.example.android.firebaseinitprovider"
114-->[com.google.firebase:firebase-common:19.0.0] AndroidManifest.xml:14:13-72
115            android:exported="false"
115-->[com.google.firebase:firebase-common:19.0.0] AndroidManifest.xml:15:13-37
116            android:initOrder="100" />
116-->[com.google.firebase:firebase-common:19.0.0] AndroidManifest.xml:16:13-36
117
118        <activity
118-->[com.google.android.gms:play-services-base:17.0.0] AndroidManifest.xml:23:9-26:75
119            android:name="com.google.android.gms.common.api.GoogleApiActivity"
119-->[com.google.android.gms:play-services-base:17.0.0] AndroidManifest.xml:24:13-79
120            android:exported="false"
120-->[com.google.android.gms:play-services-base:17.0.0] AndroidManifest.xml:25:13-37
121            android:theme="@android:style/Theme.Translucent.NoTitleBar" />
121-->[com.google.android.gms:play-services-base:17.0.0] AndroidManifest.xml:26:13-72
122
123        <receiver
123-->[com.google.android.gms:play-services-measurement:17.2.1] AndroidManifest.xml:29:9-33:20
124            android:name="com.google.android.gms.measurement.AppMeasurementReceiver"
124-->[com.google.android.gms:play-services-measurement:17.2.1] AndroidManifest.xml:30:13-85
125            android:enabled="true"
125-->[com.google.android.gms:play-services-measurement:17.2.1] AndroidManifest.xml:31:13-35
126            android:exported="false" >
126-->[com.google.android.gms:play-services-measurement:17.2.1] AndroidManifest.xml:32:13-37
127        </receiver>
128        <receiver
128-->[com.google.android.gms:play-services-measurement:17.2.1] AndroidManifest.xml:34:9-42:20
129            android:name="com.google.android.gms.measurement.AppMeasurementInstallReferrerReceiver"
129-->[com.google.android.gms:play-services-measurement:17.2.1] AndroidManifest.xml:35:13-100
130            android:enabled="true"
130-->[com.google.android.gms:play-services-measurement:17.2.1] AndroidManifest.xml:36:13-35
131            android:exported="true"
131-->[com.google.android.gms:play-services-measurement:17.2.1] AndroidManifest.xml:37:13-36
132            android:permission="android.permission.INSTALL_PACKAGES" >
132-->[com.google.android.gms:play-services-measurement:17.2.1] AndroidManifest.xml:38:13-69
133            <intent-filter>
133-->[com.google.android.gms:play-services-measurement:17.2.1] AndroidManifest.xml:39:13-41:29
134                <action android:name="com.android.vending.INSTALL_REFERRER" />
134-->[com.google.android.gms:play-services-measurement:17.2.1] AndroidManifest.xml:40:17-79
134-->[com.google.android.gms:play-services-measurement:17.2.1] AndroidManifest.xml:40:25-76
135            </intent-filter>
136        </receiver>
137
138        <service
138-->[com.google.android.gms:play-services-measurement:17.2.1] AndroidManifest.xml:44:9-47:40
139            android:name="com.google.android.gms.measurement.AppMeasurementService"
139-->[com.google.android.gms:play-services-measurement:17.2.1] AndroidManifest.xml:45:13-84
140            android:enabled="true"
140-->[com.google.android.gms:play-services-measurement:17.2.1] AndroidManifest.xml:46:13-35
141            android:exported="false" />
141-->[com.google.android.gms:play-services-measurement:17.2.1] AndroidManifest.xml:47:13-37
142        <service
142-->[com.google.android.gms:play-services-measurement:17.2.1] AndroidManifest.xml:48:9-52:72
143            android:name="com.google.android.gms.measurement.AppMeasurementJobService"
143-->[com.google.android.gms:play-services-measurement:17.2.1] AndroidManifest.xml:49:13-87
144            android:enabled="true"
144-->[com.google.android.gms:play-services-measurement:17.2.1] AndroidManifest.xml:50:13-35
145            android:exported="false"
145-->[com.google.android.gms:play-services-measurement:17.2.1] AndroidManifest.xml:51:13-37
146            android:permission="android.permission.BIND_JOB_SERVICE" />
146-->[com.google.android.gms:play-services-measurement:17.2.1] AndroidManifest.xml:52:13-69
147
148        <meta-data
148-->[com.google.android.gms:play-services-basement:17.0.0] AndroidManifest.xml:23:9-25:69
149            android:name="com.google.android.gms.version"
149-->[com.google.android.gms:play-services-basement:17.0.0] AndroidManifest.xml:24:13-58
150            android:value="@integer/google_play_services_version" />
150-->[com.google.android.gms:play-services-basement:17.0.0] AndroidManifest.xml:25:13-66
151    </application>
152
153</manifest>